0 info it worked if it ends with ok
1 verbose cli [ '/usr/local/bin/node',
1 verbose cli   '/usr/local/bin/npm',
1 verbose cli   'install',
1 verbose cli   '--save',
1 verbose cli   'express',
1 verbose cli   'body-parser',
1 verbose cli   'mongoose',
1 verbose cli   'passport',
1 verbose cli   'hbs',
1 verbose cli   'bcrypt',
1 verbose cli   'passport-local',
1 verbose cli   'express-session' ]
2 info using npm@4.1.2
3 info using node@v7.7.3
4 silly loadCurrentTree Starting
5 silly install loadCurrentTree
6 silly install readLocalPackageData
7 silly fetchPackageMetaData express
8 silly fetchPackageMetaData body-parser
9 silly fetchPackageMetaData mongoose
10 silly fetchPackageMetaData passport
11 silly fetchPackageMetaData hbs
12 silly fetchPackageMetaData bcrypt
13 silly fetchPackageMetaData passport-local
14 silly fetchPackageMetaData express-session
15 silly fetchNamedPackageData body-parser
16 silly mapToRegistry name body-parser
17 silly mapToRegistry using default registry
18 silly mapToRegistry registry https://registry.npmjs.org/
19 silly mapToRegistry data Result {
19 silly mapToRegistry   raw: 'body-parser',
19 silly mapToRegistry   scope: null,
19 silly mapToRegistry   escapedName: 'body-parser',
19 silly mapToRegistry   name: 'body-parser',
19 silly mapToRegistry   rawSpec: '',
19 silly mapToRegistry   spec: 'latest',
19 silly mapToRegistry   type: 'tag' }
20 silly mapToRegistry uri https://registry.npmjs.org/body-parser
21 silly fetchNamedPackageData mongoose
22 silly mapToRegistry name mongoose
23 silly mapToRegistry using default registry
24 silly mapToRegistry registry https://registry.npmjs.org/
25 silly mapToRegistry data Result {
25 silly mapToRegistry   raw: 'mongoose',
25 silly mapToRegistry   scope: null,
25 silly mapToRegistry   escapedName: 'mongoose',
25 silly mapToRegistry   name: 'mongoose',
25 silly mapToRegistry   rawSpec: '',
25 silly mapToRegistry   spec: 'latest',
25 silly mapToRegistry   type: 'tag' }
26 silly mapToRegistry uri https://registry.npmjs.org/mongoose
27 silly fetchNamedPackageData hbs
28 silly mapToRegistry name hbs
29 silly mapToRegistry using default registry
30 silly mapToRegistry registry https://registry.npmjs.org/
31 silly mapToRegistry data Result {
31 silly mapToRegistry   raw: 'hbs',
31 silly mapToRegistry   scope: null,
31 silly mapToRegistry   escapedName: 'hbs',
31 silly mapToRegistry   name: 'hbs',
31 silly mapToRegistry   rawSpec: '',
31 silly mapToRegistry   spec: 'latest',
31 silly mapToRegistry   type: 'tag' }
32 silly mapToRegistry uri https://registry.npmjs.org/hbs
33 silly fetchNamedPackageData bcrypt
34 silly mapToRegistry name bcrypt
35 silly mapToRegistry using default registry
36 silly mapToRegistry registry https://registry.npmjs.org/
37 silly mapToRegistry data Result {
37 silly mapToRegistry   raw: 'bcrypt',
37 silly mapToRegistry   scope: null,
37 silly mapToRegistry   escapedName: 'bcrypt',
37 silly mapToRegistry   name: 'bcrypt',
37 silly mapToRegistry   rawSpec: '',
37 silly mapToRegistry   spec: 'latest',
37 silly mapToRegistry   type: 'tag' }
38 silly mapToRegistry uri https://registry.npmjs.org/bcrypt
39 silly fetchNamedPackageData passport-local
40 silly mapToRegistry name passport-local
41 silly mapToRegistry using default registry
42 silly mapToRegistry registry https://registry.npmjs.org/
43 silly mapToRegistry data Result {
43 silly mapToRegistry   raw: 'passport-local',
43 silly mapToRegistry   scope: null,
43 silly mapToRegistry   escapedName: 'passport-local',
43 silly mapToRegistry   name: 'passport-local',
43 silly mapToRegistry   rawSpec: '',
43 silly mapToRegistry   spec: 'latest',
43 silly mapToRegistry   type: 'tag' }
44 silly mapToRegistry uri https://registry.npmjs.org/passport-local
45 silly fetchNamedPackageData express-session
46 silly mapToRegistry name express-session
47 silly mapToRegistry using default registry
48 silly mapToRegistry registry https://registry.npmjs.org/
49 silly mapToRegistry data Result {
49 silly mapToRegistry   raw: 'express-session',
49 silly mapToRegistry   scope: null,
49 silly mapToRegistry   escapedName: 'express-session',
49 silly mapToRegistry   name: 'express-session',
49 silly mapToRegistry   rawSpec: '',
49 silly mapToRegistry   spec: 'latest',
49 silly mapToRegistry   type: 'tag' }
50 silly mapToRegistry uri https://registry.npmjs.org/express-session
51 silly fetchDirectoryPackageData express
52 silly fetchNamedPackageData passport
53 silly mapToRegistry name passport
54 silly mapToRegistry using default registry
55 silly mapToRegistry registry https://registry.npmjs.org/
56 silly mapToRegistry data Result {
56 silly mapToRegistry   raw: 'passport',
56 silly mapToRegistry   scope: null,
56 silly mapToRegistry   escapedName: 'passport',
56 silly mapToRegistry   name: 'passport',
56 silly mapToRegistry   rawSpec: '',
56 silly mapToRegistry   spec: 'latest',
56 silly mapToRegistry   type: 'tag' }
57 silly mapToRegistry uri https://registry.npmjs.org/passport
58 verbose request uri https://registry.npmjs.org/mongoose
59 verbose request no auth needed
60 info attempt registry request try #1 at 7:21:28 PM
61 verbose request id f1614c01e50bf2a1
62 verbose etag W/"5923c4b5-95479"
63 verbose lastModified Tue, 23 May 2017 05:12:21 GMT
64 http request GET https://registry.npmjs.org/mongoose
65 verbose request uri https://registry.npmjs.org/hbs
66 verbose request no auth needed
67 info attempt registry request try #1 at 7:21:28 PM
68 verbose etag W/"590a8c46-9bdb"
69 verbose lastModified Thu, 04 May 2017 02:04:54 GMT
70 http request GET https://registry.npmjs.org/hbs
71 verbose request uri https://registry.npmjs.org/bcrypt
72 verbose request no auth needed
73 info attempt registry request try #1 at 7:21:28 PM
74 verbose etag W/"5922f969-16f80"
75 verbose lastModified Mon, 22 May 2017 14:44:57 GMT
76 http request GET https://registry.npmjs.org/bcrypt
77 verbose request uri https://registry.npmjs.org/passport-local
78 verbose request no auth needed
79 info attempt registry request try #1 at 7:21:28 PM
80 verbose etag W/"59230b13-3849"
81 verbose lastModified Mon, 22 May 2017 16:00:19 GMT
82 http request GET https://registry.npmjs.org/passport-local
83 verbose request uri https://registry.npmjs.org/passport
84 verbose request no auth needed
85 info attempt registry request try #1 at 7:21:28 PM
86 verbose etag W/"5926a4e2-ae3f"
87 verbose lastModified Thu, 25 May 2017 09:33:22 GMT
88 http request GET https://registry.npmjs.org/passport
89 verbose request uri https://registry.npmjs.org/body-parser
90 verbose request no auth needed
91 info attempt registry request try #1 at 7:21:28 PM
92 verbose etag W/"59230af4-20df2"
93 verbose lastModified Mon, 22 May 2017 15:59:48 GMT
94 http request GET https://registry.npmjs.org/body-parser
95 verbose request uri https://registry.npmjs.org/express-session
96 verbose request no auth needed
97 info attempt registry request try #1 at 7:21:28 PM
98 verbose etag W/"59263074-1f75c"
99 verbose lastModified Thu, 25 May 2017 01:16:36 GMT
100 http request GET https://registry.npmjs.org/express-session
101 http 304 https://registry.npmjs.org/mongoose
102 verbose headers { date: 'Thu, 25 May 2017 23:21:28 GMT',
102 verbose headers   via: '1.1 varnish',
102 verbose headers   'cache-control': 'max-age=300',
102 verbose headers   etag: 'W/"5923c4b5-95479"',
102 verbose headers   age: '20',
102 verbose headers   connection: 'keep-alive',
102 verbose headers   'x-served-by': 'cache-jfk8122-JFK',
102 verbose headers   'x-cache': 'HIT',
102 verbose headers   'x-cache-hits': '1',
102 verbose headers   'x-timer': 'S1495754489.719979,VS0,VE1',
102 verbose headers   vary: 'Accept-Encoding' }
103 silly get cb [ 304,
103 silly get   { date: 'Thu, 25 May 2017 23:21:28 GMT',
103 silly get     via: '1.1 varnish',
103 silly get     'cache-control': 'max-age=300',
103 silly get     etag: 'W/"5923c4b5-95479"',
103 silly get     age: '20',
103 silly get     connection: 'keep-alive',
103 silly get     'x-served-by': 'cache-jfk8122-JFK',
103 silly get     'x-cache': 'HIT',
103 silly get     'x-cache-hits': '1',
103 silly get     'x-timer': 'S1495754489.719979,VS0,VE1',
103 silly get     vary: 'Accept-Encoding' } ]
104 verbose etag https://registry.npmjs.org/mongoose from cache
105 verbose get saving mongoose to /home/ch1bi/.npm/registry.npmjs.org/mongoose/.cache.json
106 verbose correctMkdir /home/ch1bi/.npm correctMkdir not in flight; initializing
107 http 304 https://registry.npmjs.org/hbs
108 verbose headers { date: 'Thu, 25 May 2017 23:21:28 GMT',
108 verbose headers   via: '1.1 varnish',
108 verbose headers   'cache-control': 'max-age=300',
108 verbose headers   etag: 'W/"590a8c46-9bdb"',
108 verbose headers   age: '126',
108 verbose headers   connection: 'keep-alive',
108 verbose headers   'x-served-by': 'cache-jfk8151-JFK',
108 verbose headers   'x-cache': 'HIT',
108 verbose headers   'x-cache-hits': '1',
108 verbose headers   'x-timer': 'S1495754489.729426,VS0,VE1',
108 verbose headers   vary: 'Accept-Encoding' }
109 silly get cb [ 304,
109 silly get   { date: 'Thu, 25 May 2017 23:21:28 GMT',
109 silly get     via: '1.1 varnish',
109 silly get     'cache-control': 'max-age=300',
109 silly get     etag: 'W/"590a8c46-9bdb"',
109 silly get     age: '126',
109 silly get     connection: 'keep-alive',
109 silly get     'x-served-by': 'cache-jfk8151-JFK',
109 silly get     'x-cache': 'HIT',
109 silly get     'x-cache-hits': '1',
109 silly get     'x-timer': 'S1495754489.729426,VS0,VE1',
109 silly get     vary: 'Accept-Encoding' } ]
110 verbose etag https://registry.npmjs.org/hbs from cache
111 verbose get saving hbs to /home/ch1bi/.npm/registry.npmjs.org/hbs/.cache.json
112 verbose correctMkdir /home/ch1bi/.npm correctMkdir already in flight; waiting
113 http 304 https://registry.npmjs.org/bcrypt
114 verbose headers { date: 'Thu, 25 May 2017 23:21:28 GMT',
114 verbose headers   via: '1.1 varnish',
114 verbose headers   'cache-control': 'max-age=300',
114 verbose headers   etag: 'W/"5922f969-16f80"',
114 verbose headers   age: '253',
114 verbose headers   connection: 'keep-alive',
114 verbose headers   'x-served-by': 'cache-jfk8121-JFK',
114 verbose headers   'x-cache': 'HIT',
114 verbose headers   'x-cache-hits': '1',
114 verbose headers   'x-timer': 'S1495754489.738066,VS0,VE1',
114 verbose headers   vary: 'Accept-Encoding' }
115 silly get cb [ 304,
115 silly get   { date: 'Thu, 25 May 2017 23:21:28 GMT',
115 silly get     via: '1.1 varnish',
115 silly get     'cache-control': 'max-age=300',
115 silly get     etag: 'W/"5922f969-16f80"',
115 silly get     age: '253',
115 silly get     connection: 'keep-alive',
115 silly get     'x-served-by': 'cache-jfk8121-JFK',
115 silly get     'x-cache': 'HIT',
115 silly get     'x-cache-hits': '1',
115 silly get     'x-timer': 'S1495754489.738066,VS0,VE1',
115 silly get     vary: 'Accept-Encoding' } ]
116 verbose etag https://registry.npmjs.org/bcrypt from cache
117 verbose get saving bcrypt to /home/ch1bi/.npm/registry.npmjs.org/bcrypt/.cache.json
118 verbose correctMkdir /home/ch1bi/.npm correctMkdir not in flight; initializing
119 http 304 https://registry.npmjs.org/passport-local
120 verbose headers { date: 'Thu, 25 May 2017 23:21:28 GMT',
120 verbose headers   via: '1.1 varnish',
120 verbose headers   'cache-control': 'max-age=300',
120 verbose headers   etag: 'W/"59230b13-3849"',
120 verbose headers   age: '30',
120 verbose headers   connection: 'keep-alive',
120 verbose headers   'x-served-by': 'cache-jfk8148-JFK',
120 verbose headers   'x-cache': 'HIT',
120 verbose headers   'x-cache-hits': '2',
120 verbose headers   'x-timer': 'S1495754489.749732,VS0,VE0',
120 verbose headers   vary: 'Accept-Encoding' }
121 silly get cb [ 304,
121 silly get   { date: 'Thu, 25 May 2017 23:21:28 GMT',
121 silly get     via: '1.1 varnish',
121 silly get     'cache-control': 'max-age=300',
121 silly get     etag: 'W/"59230b13-3849"',
121 silly get     age: '30',
121 silly get     connection: 'keep-alive',
121 silly get     'x-served-by': 'cache-jfk8148-JFK',
121 silly get     'x-cache': 'HIT',
121 silly get     'x-cache-hits': '2',
121 silly get     'x-timer': 'S1495754489.749732,VS0,VE0',
121 silly get     vary: 'Accept-Encoding' } ]
122 verbose etag https://registry.npmjs.org/passport-local from cache
123 verbose get saving passport-local to /home/ch1bi/.npm/registry.npmjs.org/passport-local/.cache.json
124 verbose correctMkdir /home/ch1bi/.npm correctMkdir not in flight; initializing
125 http 304 https://registry.npmjs.org/express-session
126 verbose headers { date: 'Thu, 25 May 2017 23:21:28 GMT',
126 verbose headers   via: '1.1 varnish',
126 verbose headers   'cache-control': 'max-age=300',
126 verbose headers   etag: 'W/"59263074-1f75c"',
126 verbose headers   age: '40',
126 verbose headers   connection: 'keep-alive',
126 verbose headers   'x-served-by': 'cache-jfk8122-JFK',
126 verbose headers   'x-cache': 'HIT',
126 verbose headers   'x-cache-hits': '1',
126 verbose headers   'x-timer': 'S1495754489.843204,VS0,VE1',
126 verbose headers   vary: 'Accept-Encoding' }
127 silly get cb [ 304,
127 silly get   { date: 'Thu, 25 May 2017 23:21:28 GMT',
127 silly get     via: '1.1 varnish',
127 silly get     'cache-control': 'max-age=300',
127 silly get     etag: 'W/"59263074-1f75c"',
127 silly get     age: '40',
127 silly get     connection: 'keep-alive',
127 silly get     'x-served-by': 'cache-jfk8122-JFK',
127 silly get     'x-cache': 'HIT',
127 silly get     'x-cache-hits': '1',
127 silly get     'x-timer': 'S1495754489.843204,VS0,VE1',
127 silly get     vary: 'Accept-Encoding' } ]
128 verbose etag https://registry.npmjs.org/express-session from cache
129 verbose get saving express-session to /home/ch1bi/.npm/registry.npmjs.org/express-session/.cache.json
130 verbose correctMkdir /home/ch1bi/.npm correctMkdir not in flight; initializing
131 http 304 https://registry.npmjs.org/passport
132 verbose headers { date: 'Thu, 25 May 2017 23:21:28 GMT',
132 verbose headers   via: '1.1 varnish',
132 verbose headers   'cache-control': 'max-age=300',
132 verbose headers   etag: 'W/"5926a4e2-ae3f"',
132 verbose headers   age: '247',
132 verbose headers   connection: 'keep-alive',
132 verbose headers   'x-served-by': 'cache-jfk8136-JFK',
132 verbose headers   'x-cache': 'HIT',
132 verbose headers   'x-cache-hits': '1',
132 verbose headers   'x-timer': 'S1495754489.863282,VS0,VE0',
132 verbose headers   vary: 'Accept-Encoding' }
133 silly get cb [ 304,
133 silly get   { date: 'Thu, 25 May 2017 23:21:28 GMT',
133 silly get     via: '1.1 varnish',
133 silly get     'cache-control': 'max-age=300',
133 silly get     etag: 'W/"5926a4e2-ae3f"',
133 silly get     age: '247',
133 silly get     connection: 'keep-alive',
133 silly get     'x-served-by': 'cache-jfk8136-JFK',
133 silly get     'x-cache': 'HIT',
133 silly get     'x-cache-hits': '1',
133 silly get     'x-timer': 'S1495754489.863282,VS0,VE0',
133 silly get     vary: 'Accept-Encoding' } ]
134 verbose etag https://registry.npmjs.org/passport from cache
135 verbose get saving passport to /home/ch1bi/.npm/registry.npmjs.org/passport/.cache.json
136 verbose correctMkdir /home/ch1bi/.npm correctMkdir not in flight; initializing
137 http 304 https://registry.npmjs.org/body-parser
138 verbose headers { date: 'Thu, 25 May 2017 23:21:28 GMT',
138 verbose headers   via: '1.1 varnish',
138 verbose headers   'cache-control': 'max-age=300',
138 verbose headers   etag: 'W/"59230af4-20df2"',
138 verbose headers   age: '35',
138 verbose headers   connection: 'keep-alive',
138 verbose headers   'x-served-by': 'cache-jfk8140-JFK',
138 verbose headers   'x-cache': 'HIT',
138 verbose headers   'x-cache-hits': '1',
138 verbose headers   'x-timer': 'S1495754489.869915,VS0,VE1',
138 verbose headers   vary: 'Accept-Encoding' }
139 silly get cb [ 304,
139 silly get   { date: 'Thu, 25 May 2017 23:21:28 GMT',
139 silly get     via: '1.1 varnish',
139 silly get     'cache-control': 'max-age=300',
139 silly get     etag: 'W/"59230af4-20df2"',
139 silly get     age: '35',
139 silly get     connection: 'keep-alive',
139 silly get     'x-served-by': 'cache-jfk8140-JFK',
139 silly get     'x-cache': 'HIT',
139 silly get     'x-cache-hits': '1',
139 silly get     'x-timer': 'S1495754489.869915,VS0,VE1',
139 silly get     vary: 'Accept-Encoding' } ]
140 verbose etag https://registry.npmjs.org/body-parser from cache
141 verbose get saving body-parser to /home/ch1bi/.npm/registry.npmjs.org/body-parser/.cache.json
142 verbose correctMkdir /home/ch1bi/.npm correctMkdir not in flight; initializing
143 silly install normalizeTree
144 silly loadCurrentTree Finishing
145 silly loadIdealTree Starting
146 silly install loadIdealTree
147 silly cloneCurrentTree Starting
148 silly install cloneCurrentTreeToIdealTree
149 silly cloneCurrentTree Finishing
150 silly loadShrinkwrap Starting
151 silly install loadShrinkwrap
152 silly loadShrinkwrap Finishing
153 silly loadAllDepsIntoIdealTree Starting
154 silly install loadAllDepsIntoIdealTree
155 silly rollbackFailedOptional Starting
156 silly rollbackFailedOptional Finishing
157 silly runTopLevelLifecycles Finishing
158 silly install printInstalled
159 verbose stack Error: Refusing to install package with name "tkh" under a package
159 verbose stack also called "tkh". Did you name your project the same
159 verbose stack as the dependency you're installing?
159 verbose stack
159 verbose stack For more information, see:
159 verbose stack     <https://docs.npmjs.com/cli/install#limitations-of-npms-install-algorithm>
159 verbose stack     at checkSelf (/usr/local/lib/node_modules/npm/lib/install/validate-args.js:53:14)
159 verbose stack     at Array.<anonymous> (/usr/local/lib/node_modules/npm/node_modules/slide/lib/bind-actor.js:15:8)
159 verbose stack     at LOOP (/usr/local/lib/node_modules/npm/node_modules/slide/lib/chain.js:15:14)
159 verbose stack     at chain (/usr/local/lib/node_modules/npm/node_modules/slide/lib/chain.js:20:5)
159 verbose stack     at /usr/local/lib/node_modules/npm/lib/install/validate-args.js:16:5
159 verbose stack     at /usr/local/lib/node_modules/npm/node_modules/slide/lib/async-map.js:52:35
159 verbose stack     at Array.forEach (native)
159 verbose stack     at /usr/local/lib/node_modules/npm/node_modules/slide/lib/async-map.js:52:11
159 verbose stack     at Array.forEach (native)
159 verbose stack     at asyncMap (/usr/local/lib/node_modules/npm/node_modules/slide/lib/async-map.js:51:8)
160 verbose cwd /home/ch1bi/Desktop/tkh
161 error Linux 4.4.0-78-generic
162 error argv "/usr/local/bin/node" "/usr/local/bin/npm" "install" "--save" "express" "body-parser" "mongoose" "passport" "hbs" "bcrypt" "passport-local" "express-session"
163 error node v7.7.3
164 error npm  v4.1.2
165 error code ENOSELF
166 error Refusing to install package with name "tkh" under a package
166 error also called "tkh". Did you name your project the same
166 error as the dependency you're installing?
166 error
166 error For more information, see:
166 error     <https://docs.npmjs.com/cli/install#limitations-of-npms-install-algorithm>
167 error If you need help, you may report this error at:
167 error     <https://github.com/npm/npm/issues>
168 verbose exit [ 1, true ]
